<?xml version="1.0" encoding="UTF-8"?>
<!-- Generated by org.testng.reporters.JUnitXMLReporter -->
<testsuite ignored="3" hostname="DESKTOP-OKTJI84" failures="0" tests="1" name="Default test" time="18.454" errors="0" timestamp="2024-11-04T15:36:26 EET">
  <testcase classname="MyTestCases4" name="AddItemToTheCart" time="17.101"/>
  <testcase classname="MyTestCases4" name="Logout" time="0.0">
    <ignored/>
  </testcase> <!-- Logout -->
  <testcase classname="MyTestCases4" name="SignUp" time="0.0">
    <ignored/>
  </testcase> <!-- SignUp -->
  <testcase classname="MyTestCases4" name="Login" time="0.0">
    <ignored/>
  </testcase> <!-- Login -->
</testsuite> <!-- Default test -->
